GowinSynthesis start
Running parser ...
Analyzing Verilog file 'C:\Users\Asus\Desktop\fpga_proje\fpga_project\src\fpga_project.v'
Compiling module 'LedDimmer'("C:\Users\Asus\Desktop\fpga_proje\fpga_project\src\fpga_project.v":1)
WARN  (EX3791) : Expression size 11 truncated to fit in target size 10("C:\Users\Asus\Desktop\fpga_proje\fpga_project\src\fpga_project.v":35)
WARN  (EX3791) : Expression size 5 truncated to fit in target size 4("C:\Users\Asus\Desktop\fpga_proje\fpga_project\src\fpga_project.v":38)
NOTE  (EX0101) : Current top module is "LedDimmer"
[5%] Running netlist conversion ...
Running device independent optimization ...
[10%] Optimizing Phase 0 completed
[15%] Optimizing Phase 1 completed
[25%] Optimizing Phase 2 completed
Running inference ...
[30%] Inferring Phase 0 completed
[40%] Inferring Phase 1 completed
[50%] Inferring Phase 2 completed
[55%] Inferring Phase 3 completed
Running technical mapping ...
[60%] Tech-Mapping Phase 0 completed
[65%] Tech-Mapping Phase 1 completed
[75%] Tech-Mapping Phase 2 completed
[80%] Tech-Mapping Phase 3 completed
[90%] Tech-Mapping Phase 4 completed
[95%] Generate netlist file "C:\Users\Asus\Desktop\fpga_proje\fpga_project\impl\gwsynthesis\fpga_project.vg" completed
[100%] Generate report file "C:\Users\Asus\Desktop\fpga_proje\fpga_project\impl\gwsynthesis\fpga_project_syn.rpt.html" completed
GowinSynthesis finish
